2025-09-17 21:07:10 [INFO] Detected package manager: apt
2025-09-17 21:07:10 [INFO] Refreshing package cache...

WARNING: apt does not have a stable CLI interface. Use with caution in scripts.

15 packages can be upgraded. Run 'apt list --upgradable' to see them.
W: https://download.docker.com/linux/ubuntu/dists/focal/InRelease: Key is stored in legacy trusted.gpg keyring (/etc/apt/trusted.gpg), see the DEPRECATION section in apt-key(8) for details.
W: Target Packages (stable/binary-amd64/Packages) is configured multiple times in /etc/apt/sources.list.d/archive_uri-https_download_docker_com_linux_ubuntu-noble.list:1 and /etc/apt/sources.list.d/docker.list:1
W: Target Packages (stable/binary-all/Packages) is configured multiple times in /etc/apt/sources.list.d/archive_uri-https_download_docker_com_linux_ubuntu-noble.list:1 and /etc/apt/sources.list.d/docker.list:1
W: Target Translations (stable/i18n/Translation-en_US) is configured multiple times in /etc/apt/sources.list.d/archive_uri-https_download_docker_com_linux_ubuntu-noble.list:1 and /etc/apt/sources.list.d/docker.list:1
W: Target Translations (stable/i18n/Translation-en) is configured multiple times in /etc/apt/sources.list.d/archive_uri-https_download_docker_com_linux_ubuntu-noble.list:1 and /etc/apt/sources.list.d/docker.list:1
W: Target DEP-11 (stable/dep11/Components-amd64.yml) is configured multiple times in /etc/apt/sources.list.d/archive_uri-https_download_docker_com_linux_ubuntu-noble.list:1 and /etc/apt/sources.list.d/docker.list:1
W: Target DEP-11 (stable/dep11/Components-all.yml) is configured multiple times in /etc/apt/sources.list.d/archive_uri-https_download_docker_com_linux_ubuntu-noble.list:1 and /etc/apt/sources.list.d/docker.list:1
W: Target DEP-11-icons-small (stable/dep11/icons-48x48.tar) is configured multiple times in /etc/apt/sources.list.d/archive_uri-https_download_docker_com_linux_ubuntu-noble.list:1 and /etc/apt/sources.list.d/docker.list:1
W: Target DEP-11-icons (stable/dep11/icons-64x64.tar) is configured multiple times in /etc/apt/sources.list.d/archive_uri-https_download_docker_com_linux_ubuntu-noble.list:1 and /etc/apt/sources.list.d/docker.list:1
W: Target DEP-11-icons-hidpi (stable/dep11/icons-64x64@2.tar) is configured multiple times in /etc/apt/sources.list.d/archive_uri-https_download_docker_com_linux_ubuntu-noble.list:1 and /etc/apt/sources.list.d/docker.list:1
W: Target CNF (stable/cnf/Commands-amd64) is configured multiple times in /etc/apt/sources.list.d/archive_uri-https_download_docker_com_linux_ubuntu-noble.list:1 and /etc/apt/sources.list.d/docker.list:1
W: Target CNF (stable/cnf/Commands-all) is configured multiple times in /etc/apt/sources.list.d/archive_uri-https_download_docker_com_linux_ubuntu-noble.list:1 and /etc/apt/sources.list.d/docker.list:1
W: Target Packages (stable/binary-amd64/Packages) is configured multiple times in /etc/apt/sources.list.d/archive_uri-https_download_docker_com_linux_ubuntu-noble.list:3 and /etc/apt/sources.list.d/docker.list:2
W: Target Packages (stable/binary-all/Packages) is configured multiple times in /etc/apt/sources.list.d/archive_uri-https_download_docker_com_linux_ubuntu-noble.list:3 and /etc/apt/sources.list.d/docker.list:2
W: Target Translations (stable/i18n/Translation-en_US) is configured multiple times in /etc/apt/sources.list.d/archive_uri-https_download_docker_com_linux_ubuntu-noble.list:3 and /etc/apt/sources.list.d/docker.list:2
W: Target Translations (stable/i18n/Translation-en) is configured multiple times in /etc/apt/sources.list.d/archive_uri-https_download_docker_com_linux_ubuntu-noble.list:3 and /etc/apt/sources.list.d/docker.list:2
W: Target DEP-11 (stable/dep11/Components-amd64.yml) is configured multiple times in /etc/apt/sources.list.d/archive_uri-https_download_docker_com_linux_ubuntu-noble.list:3 and /etc/apt/sources.list.d/docker.list:2
W: Target DEP-11 (stable/dep11/Components-all.yml) is configured multiple times in /etc/apt/sources.list.d/archive_uri-https_download_docker_com_linux_ubuntu-noble.list:3 and /etc/apt/sources.list.d/docker.list:2
W: Target DEP-11-icons-small (stable/dep11/icons-48x48.tar) is configured multiple times in /etc/apt/sources.list.d/archive_uri-https_download_docker_com_linux_ubuntu-noble.list:3 and /etc/apt/sources.list.d/docker.list:2
W: Target DEP-11-icons (stable/dep11/icons-64x64.tar) is configured multiple times in /etc/apt/sources.list.d/archive_uri-https_download_docker_com_linux_ubuntu-noble.list:3 and /etc/apt/sources.list.d/docker.list:2
W: Target DEP-11-icons-hidpi (stable/dep11/icons-64x64@2.tar) is configured multiple times in /etc/apt/sources.list.d/archive_uri-https_download_docker_com_linux_ubuntu-noble.list:3 and /etc/apt/sources.list.d/docker.list:2
W: Target CNF (stable/cnf/Commands-amd64) is configured multiple times in /etc/apt/sources.list.d/archive_uri-https_download_docker_com_linux_ubuntu-noble.list:3 and /etc/apt/sources.list.d/docker.list:2
W: Target CNF (stable/cnf/Commands-all) is configured multiple times in /etc/apt/sources.list.d/archive_uri-https_download_docker_com_linux_ubuntu-noble.list:3 and /etc/apt/sources.list.d/docker.list:2
W: Target Packages (stable/binary-amd64/Packages) is configured multiple times in /etc/apt/sources.list.d/archive_uri-https_download_docker_com_linux_ubuntu-noble.list:3 and /etc/apt/sources.list.d/docker.list:3
W: Target Packages (stable/binary-all/Packages) is configured multiple times in /etc/apt/sources.list.d/archive_uri-https_download_docker_com_linux_ubuntu-noble.list:3 and /etc/apt/sources.list.d/docker.list:3
W: Target Translations (stable/i18n/Translation-en_US) is configured multiple times in /etc/apt/sources.list.d/archive_uri-https_download_docker_com_linux_ubuntu-noble.list:3 and /etc/apt/sources.list.d/docker.list:3
W: Target Translations (stable/i18n/Translation-en) is configured multiple times in /etc/apt/sources.list.d/archive_uri-https_download_docker_com_linux_ubuntu-noble.list:3 and /etc/apt/sources.list.d/docker.list:3
W: Target DEP-11 (stable/dep11/Components-amd64.yml) is configured multiple times in /etc/apt/sources.list.d/archive_uri-https_download_docker_com_linux_ubuntu-noble.list:3 and /etc/apt/sources.list.d/docker.list:3
W: Target DEP-11 (stable/dep11/Components-all.yml) is configured multiple times in /etc/apt/sources.list.d/archive_uri-https_download_docker_com_linux_ubuntu-noble.list:3 and /etc/apt/sources.list.d/docker.list:3
W: Target DEP-11-icons-small (stable/dep11/icons-48x48.tar) is configured multiple times in /etc/apt/sources.list.d/archive_uri-https_download_docker_com_linux_ubuntu-noble.list:3 and /etc/apt/sources.list.d/docker.list:3
W: Target DEP-11-icons (stable/dep11/icons-64x64.tar) is configured multiple times in /etc/apt/sources.list.d/archive_uri-https_download_docker_com_linux_ubuntu-noble.list:3 and /etc/apt/sources.list.d/docker.list:3
W: Target DEP-11-icons-hidpi (stable/dep11/icons-64x64@2.tar) is configured multiple times in /etc/apt/sources.list.d/archive_uri-https_download_docker_com_linux_ubuntu-noble.list:3 and /etc/apt/sources.list.d/docker.list:3
W: Target CNF (stable/cnf/Commands-amd64) is configured multiple times in /etc/apt/sources.list.d/archive_uri-https_download_docker_com_linux_ubuntu-noble.list:3 and /etc/apt/sources.list.d/docker.list:3
W: Target CNF (stable/cnf/Commands-all) is configured multiple times in /etc/apt/sources.list.d/archive_uri-https_download_docker_com_linux_ubuntu-noble.list:3 and /etc/apt/sources.list.d/docker.list:3
W: An error occurred during the signature verification. The repository is not updated and the previous index files will be used. GPG error: https://prod-cdn.packages.k8s.io/repositories/isv:/kubernetes:/core:/stable:/v1.31/deb  InRelease: The following signatures were invalid: EXPKEYSIG 234654DA9A296436 isv:kubernetes OBS Project <isv:kubernetes@build.opensuse.org>
W: Failed to fetch https://pkgs.k8s.io/core:/stable:/v1.31/deb/InRelease  The following signatures were invalid: EXPKEYSIG 234654DA9A296436 isv:kubernetes OBS Project <isv:kubernetes@build.opensuse.org>
W: Some index files failed to download. They have been ignored, or old ones used instead.
W: Target Packages (stable/binary-amd64/Packages) is configured multiple times in /etc/apt/sources.list.d/archive_uri-https_download_docker_com_linux_ubuntu-noble.list:1 and /etc/apt/sources.list.d/docker.list:1
W: Target Packages (stable/binary-all/Packages) is configured multiple times in /etc/apt/sources.list.d/archive_uri-https_download_docker_com_linux_ubuntu-noble.list:1 and /etc/apt/sources.list.d/docker.list:1
W: Target Translations (stable/i18n/Translation-en_US) is configured multiple times in /etc/apt/sources.list.d/archive_uri-https_download_docker_com_linux_ubuntu-noble.list:1 and /etc/apt/sources.list.d/docker.list:1
W: Target Translations (stable/i18n/Translation-en) is configured multiple times in /etc/apt/sources.list.d/archive_uri-https_download_docker_com_linux_ubuntu-noble.list:1 and /etc/apt/sources.list.d/docker.list:1
W: Target DEP-11 (stable/dep11/Components-amd64.yml) is configured multiple times in /etc/apt/sources.list.d/archive_uri-https_download_docker_com_linux_ubuntu-noble.list:1 and /etc/apt/sources.list.d/docker.list:1
W: Target DEP-11 (stable/dep11/Components-all.yml) is configured multiple times in /etc/apt/sources.list.d/archive_uri-https_download_docker_com_linux_ubuntu-noble.list:1 and /etc/apt/sources.list.d/docker.list:1
W: Target DEP-11-icons-small (stable/dep11/icons-48x48.tar) is configured multiple times in /etc/apt/sources.list.d/archive_uri-https_download_docker_com_linux_ubuntu-noble.list:1 and /etc/apt/sources.list.d/docker.list:1
W: Target DEP-11-icons (stable/dep11/icons-64x64.tar) is configured multiple times in /etc/apt/sources.list.d/archive_uri-https_download_docker_com_linux_ubuntu-noble.list:1 and /etc/apt/sources.list.d/docker.list:1
W: Target DEP-11-icons-hidpi (stable/dep11/icons-64x64@2.tar) is configured multiple times in /etc/apt/sources.list.d/archive_uri-https_download_docker_com_linux_ubuntu-noble.list:1 and /etc/apt/sources.list.d/docker.list:1
W: Target CNF (stable/cnf/Commands-amd64) is configured multiple times in /etc/apt/sources.list.d/archive_uri-https_download_docker_com_linux_ubuntu-noble.list:1 and /etc/apt/sources.list.d/docker.list:1
W: Target CNF (stable/cnf/Commands-all) is configured multiple times in /etc/apt/sources.list.d/archive_uri-https_download_docker_com_linux_ubuntu-noble.list:1 and /etc/apt/sources.list.d/docker.list:1
W: Target Packages (stable/binary-amd64/Packages) is configured multiple times in /etc/apt/sources.list.d/archive_uri-https_download_docker_com_linux_ubuntu-noble.list:3 and /etc/apt/sources.list.d/docker.list:2
W: Target Packages (stable/binary-all/Packages) is configured multiple times in /etc/apt/sources.list.d/archive_uri-https_download_docker_com_linux_ubuntu-noble.list:3 and /etc/apt/sources.list.d/docker.list:2
W: Target Translations (stable/i18n/Translation-en_US) is configured multiple times in /etc/apt/sources.list.d/archive_uri-https_download_docker_com_linux_ubuntu-noble.list:3 and /etc/apt/sources.list.d/docker.list:2
W: Target Translations (stable/i18n/Translation-en) is configured multiple times in /etc/apt/sources.list.d/archive_uri-https_download_docker_com_linux_ubuntu-noble.list:3 and /etc/apt/sources.list.d/docker.list:2
W: Target DEP-11 (stable/dep11/Components-amd64.yml) is configured multiple times in /etc/apt/sources.list.d/archive_uri-https_download_docker_com_linux_ubuntu-noble.list:3 and /etc/apt/sources.list.d/docker.list:2
W: Target DEP-11 (stable/dep11/Components-all.yml) is configured multiple times in /etc/apt/sources.list.d/archive_uri-https_download_docker_com_linux_ubuntu-noble.list:3 and /etc/apt/sources.list.d/docker.list:2
W: Target DEP-11-icons-small (stable/dep11/icons-48x48.tar) is configured multiple times in /etc/apt/sources.list.d/archive_uri-https_download_docker_com_linux_ubuntu-noble.list:3 and /etc/apt/sources.list.d/docker.list:2
W: Target DEP-11-icons (stable/dep11/icons-64x64.tar) is configured multiple times in /etc/apt/sources.list.d/archive_uri-https_download_docker_com_linux_ubuntu-noble.list:3 and /etc/apt/sources.list.d/docker.list:2
W: Target DEP-11-icons-hidpi (stable/dep11/icons-64x64@2.tar) is configured multiple times in /etc/apt/sources.list.d/archive_uri-https_download_docker_com_linux_ubuntu-noble.list:3 and /etc/apt/sources.list.d/docker.list:2
W: Target CNF (stable/cnf/Commands-amd64) is configured multiple times in /etc/apt/sources.list.d/archive_uri-https_download_docker_com_linux_ubuntu-noble.list:3 and /etc/apt/sources.list.d/docker.list:2
W: Target CNF (stable/cnf/Commands-all) is configured multiple times in /etc/apt/sources.list.d/archive_uri-https_download_docker_com_linux_ubuntu-noble.list:3 and /etc/apt/sources.list.d/docker.list:2
W: Target Packages (stable/binary-amd64/Packages) is configured multiple times in /etc/apt/sources.list.d/archive_uri-https_download_docker_com_linux_ubuntu-noble.list:3 and /etc/apt/sources.list.d/docker.list:3
W: Target Packages (stable/binary-all/Packages) is configured multiple times in /etc/apt/sources.list.d/archive_uri-https_download_docker_com_linux_ubuntu-noble.list:3 and /etc/apt/sources.list.d/docker.list:3
W: Target Translations (stable/i18n/Translation-en_US) is configured multiple times in /etc/apt/sources.list.d/archive_uri-https_download_docker_com_linux_ubuntu-noble.list:3 and /etc/apt/sources.list.d/docker.list:3
W: Target Translations (stable/i18n/Translation-en) is configured multiple times in /etc/apt/sources.list.d/archive_uri-https_download_docker_com_linux_ubuntu-noble.list:3 and /etc/apt/sources.list.d/docker.list:3
W: Target DEP-11 (stable/dep11/Components-amd64.yml) is configured multiple times in /etc/apt/sources.list.d/archive_uri-https_download_docker_com_linux_ubuntu-noble.list:3 and /etc/apt/sources.list.d/docker.list:3
W: Target DEP-11 (stable/dep11/Components-all.yml) is configured multiple times in /etc/apt/sources.list.d/archive_uri-https_download_docker_com_linux_ubuntu-noble.list:3 and /etc/apt/sources.list.d/docker.list:3
W: Target DEP-11-icons-small (stable/dep11/icons-48x48.tar) is configured multiple times in /etc/apt/sources.list.d/archive_uri-https_download_docker_com_linux_ubuntu-noble.list:3 and /etc/apt/sources.list.d/docker.list:3
W: Target DEP-11-icons (stable/dep11/icons-64x64.tar) is configured multiple times in /etc/apt/sources.list.d/archive_uri-https_download_docker_com_linux_ubuntu-noble.list:3 and /etc/apt/sources.list.d/docker.list:3
W: Target DEP-11-icons-hidpi (stable/dep11/icons-64x64@2.tar) is configured multiple times in /etc/apt/sources.list.d/archive_uri-https_download_docker_com_linux_ubuntu-noble.list:3 and /etc/apt/sources.list.d/docker.list:3
W: Target CNF (stable/cnf/Commands-amd64) is configured multiple times in /etc/apt/sources.list.d/archive_uri-https_download_docker_com_linux_ubuntu-noble.list:3 and /etc/apt/sources.list.d/docker.list:3
W: Target CNF (stable/cnf/Commands-all) is configured multiple times in /etc/apt/sources.list.d/archive_uri-https_download_docker_com_linux_ubuntu-noble.list:3 and /etc/apt/sources.list.d/docker.list:3
2025-09-17 21:07:40 [INFO] Checking for available updates...
2025-09-17 21:07:40 [INFO] Updates available:
chrome-remote-desktop/stable 140.0.7339.17 amd64 [upgradable from: 127.0.6533.8]
dconf-cli/noble-updates 0.40.0-4ubuntu0.1 amd64 [upgradable from: 0.40.0-4build2]
dconf-gsettings-backend/noble-updates 0.40.0-4ubuntu0.1 amd64 [upgradable from: 0.40.0-4build2]
dconf-service/noble-updates 0.40.0-4ubuntu0.1 amd64 [upgradable from: 0.40.0-4build2]
libdconf1/noble-updates 0.40.0-4ubuntu0.1 amd64 [upgradable from: 0.40.0-4build2]
libgl1-amber-dri/noble-updates 21.3.9-0ubuntu3~24.04.1 amd64 [upgradable from: 21.3.9-0ubuntu2]
libglapi-mesa/noble-updates 24.2.8-1ubuntu1~24.04.1 amd64 [upgradable from: 24.0.9-0ubuntu0.1]
libsqlite3-0/noble-updates,noble-security 3.45.1-1ubuntu2.5 amd64 [upgradable from: 3.45.1-1ubuntu2.4]
linux-libc-dev/noble-updates 6.8.0-83.83 amd64 [upgradable from: 6.8.0-79.79]
linux-tools-common/noble-updates 6.8.0-83.83 all [upgradable from: 6.8.0-79.79]
python3-xmltodict/noble-updates,noble-security 0.13.0-1ubuntu0.24.04.1 all [upgradable from: 0.13.0-1]
systemd-hwe-hwdb/noble-updates 255.1.5 all [upgradable from: 255.1.4]
vim-common/noble-updates,noble-security 2:9.1.0016-1ubuntu7.9 all [upgradable from: 2:9.1.0016-1ubuntu7.8]
vim-tiny/noble-updates,noble-security 2:9.1.0016-1ubuntu7.9 amd64 [upgradable from: 2:9.1.0016-1ubuntu7.8]
xxd/noble-updates,noble-security 2:9.1.0016-1ubuntu7.9 amd64 [upgradable from: 2:9.1.0016-1ubuntu7.8]
