2025-09-17 20:39:25 [INFO] Detected package manager: apt
2025-09-17 20:39:25 [INFO] Updating package cache...

WARNING: apt does not have a stable CLI interface. Use with caution in scripts.

Hit:2 http://archive.ubuntu.com/ubuntu noble InRelease
Hit:3 http://archive.ubuntu.com/ubuntu noble-updates InRelease
Hit:4 http://archive.ubuntu.com/ubuntu noble-backports InRelease
Ign:5 http://dl.google.com/linux/chrome-remote-desktop/deb stable InRelease
Hit:6 http://security.ubuntu.com/ubuntu noble-security InRelease
Hit:7 https://packages.microsoft.com/repos/code stable InRelease
Hit:8 http://dl.google.com/linux/chrome-remote-desktop/deb stable Release
Hit:10 https://dl.google.com/linux/chrome/deb stable InRelease
Hit:11 https://download.docker.com/linux/ubuntu focal InRelease
Hit:12 https://download.docker.com/linux/ubuntu noble InRelease
Get:1 https://prod-cdn.packages.k8s.io/repositories/isv:/kubernetes:/core:/stable:/v1.31/deb  InRelease [1,192 B]
Err:1 https://prod-cdn.packages.k8s.io/repositories/isv:/kubernetes:/core:/stable:/v1.31/deb  InRelease
  The following signatures were invalid: EXPKEYSIG 234654DA9A296436 isv:kubernetes OBS Project <isv:kubernetes@build.opensuse.org>
Hit:13 https://ppa.launchpadcontent.net/ansible/ansible/ubuntu noble InRelease
Fetched 1,192 B in 4s (320 B/s)
Reading package lists...
Building dependency tree...
Reading state information...
15 packages can be upgraded. Run 'apt list --upgradable' to see them.
W: https://download.docker.com/linux/ubuntu/dists/focal/InRelease: Key is stored in legacy trusted.gpg keyring (/etc/apt/trusted.gpg), see the DEPRECATION section in apt-key(8) for details.
W: Target Packages (stable/binary-amd64/Packages) is configured multiple times in /etc/apt/sources.list.d/archive_uri-https_download_docker_com_linux_ubuntu-noble.list:1 and /etc/apt/sources.list.d/docker.list:1
W: Target Packages (stable/binary-all/Packages) is configured multiple times in /etc/apt/sources.list.d/archive_uri-https_download_docker_com_linux_ubuntu-noble.list:1 and /etc/apt/sources.list.d/docker.list:1
W: Target Translations (stable/i18n/Translation-en_US) is configured multiple times in /etc/apt/sources.list.d/archive_uri-https_download_docker_com_linux_ubuntu-noble.list:1 and /etc/apt/sources.list.d/docker.list:1
W: Target Translations (stable/i18n/Translation-en) is configured multiple times in /etc/apt/sources.list.d/archive_uri-https_download_docker_com_linux_ubuntu-noble.list:1 and /etc/apt/sources.list.d/docker.list:1
W: Target DEP-11 (stable/dep11/Components-amd64.yml) is configured multiple times in /etc/apt/sources.list.d/archive_uri-https_download_docker_com_linux_ubuntu-noble.list:1 and /etc/apt/sources.list.d/docker.list:1
W: Target DEP-11 (stable/dep11/Components-all.yml) is configured multiple times in /etc/apt/sources.list.d/archive_uri-https_download_docker_com_linux_ubuntu-noble.list:1 and /etc/apt/sources.list.d/docker.list:1
W: Target DEP-11-icons-small (stable/dep11/icons-48x48.tar) is configured multiple times in /etc/apt/sources.list.d/archive_uri-https_download_docker_com_linux_ubuntu-noble.list:1 and /etc/apt/sources.list.d/docker.list:1
W: Target DEP-11-icons (stable/dep11/icons-64x64.tar) is configured multiple times in /etc/apt/sources.list.d/archive_uri-https_download_docker_com_linux_ubuntu-noble.list:1 and /etc/apt/sources.list.d/docker.list:1
W: Target DEP-11-icons-hidpi (stable/dep11/icons-64x64@2.tar) is configured multiple times in /etc/apt/sources.list.d/archive_uri-https_download_docker_com_linux_ubuntu-noble.list:1 and /etc/apt/sources.list.d/docker.list:1
W: Target CNF (stable/cnf/Commands-amd64) is configured multiple times in /etc/apt/sources.list.d/archive_uri-https_download_docker_com_linux_ubuntu-noble.list:1 and /etc/apt/sources.list.d/docker.list:1
W: Target CNF (stable/cnf/Commands-all) is configured multiple times in /etc/apt/sources.list.d/archive_uri-https_download_docker_com_linux_ubuntu-noble.list:1 and /etc/apt/sources.list.d/docker.list:1
W: Target Packages (stable/binary-amd64/Packages) is configured multiple times in /etc/apt/sources.list.d/archive_uri-https_download_docker_com_linux_ubuntu-noble.list:3 and /etc/apt/sources.list.d/docker.list:2
W: Target Packages (stable/binary-all/Packages) is configured multiple times in /etc/apt/sources.list.d/archive_uri-https_download_docker_com_linux_ubuntu-noble.list:3 and /etc/apt/sources.list.d/docker.list:2
W: Target Translations (stable/i18n/Translation-en_US) is configured multiple times in /etc/apt/sources.list.d/archive_uri-https_download_docker_com_linux_ubuntu-noble.list:3 and /etc/apt/sources.list.d/docker.list:2
W: Target Translations (stable/i18n/Translation-en) is configured multiple times in /etc/apt/sources.list.d/archive_uri-https_download_docker_com_linux_ubuntu-noble.list:3 and /etc/apt/sources.list.d/docker.list:2
W: Target DEP-11 (stable/dep11/Components-amd64.yml) is configured multiple times in /etc/apt/sources.list.d/archive_uri-https_download_docker_com_linux_ubuntu-noble.list:3 and /etc/apt/sources.list.d/docker.list:2
W: Target DEP-11 (stable/dep11/Components-all.yml) is configured multiple times in /etc/apt/sources.list.d/archive_uri-https_download_docker_com_linux_ubuntu-noble.list:3 and /etc/apt/sources.list.d/docker.list:2
W: Target DEP-11-icons-small (stable/dep11/icons-48x48.tar) is configured multiple times in /etc/apt/sources.list.d/archive_uri-https_download_docker_com_linux_ubuntu-noble.list:3 and /etc/apt/sources.list.d/docker.list:2
W: Target DEP-11-icons (stable/dep11/icons-64x64.tar) is configured multiple times in /etc/apt/sources.list.d/archive_uri-https_download_docker_com_linux_ubuntu-noble.list:3 and /etc/apt/sources.list.d/docker.list:2
W: Target DEP-11-icons-hidpi (stable/dep11/icons-64x64@2.tar) is configured multiple times in /etc/apt/sources.list.d/archive_uri-https_download_docker_com_linux_ubuntu-noble.list:3 and /etc/apt/sources.list.d/docker.list:2
W: Target CNF (stable/cnf/Commands-amd64) is configured multiple times in /etc/apt/sources.list.d/archive_uri-https_download_docker_com_linux_ubuntu-noble.list:3 and /etc/apt/sources.list.d/docker.list:2
W: Target CNF (stable/cnf/Commands-all) is configured multiple times in /etc/apt/sources.list.d/archive_uri-https_download_docker_com_linux_ubuntu-noble.list:3 and /etc/apt/sources.list.d/docker.list:2
W: Target Packages (stable/binary-amd64/Packages) is configured multiple times in /etc/apt/sources.list.d/archive_uri-https_download_docker_com_linux_ubuntu-noble.list:3 and /etc/apt/sources.list.d/docker.list:3
W: Target Packages (stable/binary-all/Packages) is configured multiple times in /etc/apt/sources.list.d/archive_uri-https_download_docker_com_linux_ubuntu-noble.list:3 and /etc/apt/sources.list.d/docker.list:3
W: Target Translations (stable/i18n/Translation-en_US) is configured multiple times in /etc/apt/sources.list.d/archive_uri-https_download_docker_com_linux_ubuntu-noble.list:3 and /etc/apt/sources.list.d/docker.list:3
W: Target Translations (stable/i18n/Translation-en) is configured multiple times in /etc/apt/sources.list.d/archive_uri-https_download_docker_com_linux_ubuntu-noble.list:3 and /etc/apt/sources.list.d/docker.list:3
W: Target DEP-11 (stable/dep11/Components-amd64.yml) is configured multiple times in /etc/apt/sources.list.d/archive_uri-https_download_docker_com_linux_ubuntu-noble.list:3 and /etc/apt/sources.list.d/docker.list:3
W: Target DEP-11 (stable/dep11/Components-all.yml) is configured multiple times in /etc/apt/sources.list.d/archive_uri-https_download_docker_com_linux_ubuntu-noble.list:3 and /etc/apt/sources.list.d/docker.list:3
W: Target DEP-11-icons-small (stable/dep11/icons-48x48.tar) is configured multiple times in /etc/apt/sources.list.d/archive_uri-https_download_docker_com_linux_ubuntu-noble.list:3 and /etc/apt/sources.list.d/docker.list:3
W: Target DEP-11-icons (stable/dep11/icons-64x64.tar) is configured multiple times in /etc/apt/sources.list.d/archive_uri-https_download_docker_com_linux_ubuntu-noble.list:3 and /etc/apt/sources.list.d/docker.list:3
W: Target DEP-11-icons-hidpi (stable/dep11/icons-64x64@2.tar) is configured multiple times in /etc/apt/sources.list.d/archive_uri-https_download_docker_com_linux_ubuntu-noble.list:3 and /etc/apt/sources.list.d/docker.list:3
W: Target CNF (stable/cnf/Commands-amd64) is configured multiple times in /etc/apt/sources.list.d/archive_uri-https_download_docker_com_linux_ubuntu-noble.list:3 and /etc/apt/sources.list.d/docker.list:3
W: Target CNF (stable/cnf/Commands-all) is configured multiple times in /etc/apt/sources.list.d/archive_uri-https_download_docker_com_linux_ubuntu-noble.list:3 and /etc/apt/sources.list.d/docker.list:3
W: An error occurred during the signature verification. The repository is not updated and the previous index files will be used. GPG error: https://prod-cdn.packages.k8s.io/repositories/isv:/kubernetes:/core:/stable:/v1.31/deb  InRelease: The following signatures were invalid: EXPKEYSIG 234654DA9A296436 isv:kubernetes OBS Project <isv:kubernetes@build.opensuse.org>
W: Failed to fetch https://pkgs.k8s.io/core:/stable:/v1.31/deb/InRelease  The following signatures were invalid: EXPKEYSIG 234654DA9A296436 isv:kubernetes OBS Project <isv:kubernetes@build.opensuse.org>
W: Some index files failed to download. They have been ignored, or old ones used instead.
W: Target Packages (stable/binary-amd64/Packages) is configured multiple times in /etc/apt/sources.list.d/archive_uri-https_download_docker_com_linux_ubuntu-noble.list:1 and /etc/apt/sources.list.d/docker.list:1
W: Target Packages (stable/binary-all/Packages) is configured multiple times in /etc/apt/sources.list.d/archive_uri-https_download_docker_com_linux_ubuntu-noble.list:1 and /etc/apt/sources.list.d/docker.list:1
W: Target Translations (stable/i18n/Translation-en_US) is configured multiple times in /etc/apt/sources.list.d/archive_uri-https_download_docker_com_linux_ubuntu-noble.list:1 and /etc/apt/sources.list.d/docker.list:1
W: Target Translations (stable/i18n/Translation-en) is configured multiple times in /etc/apt/sources.list.d/archive_uri-https_download_docker_com_linux_ubuntu-noble.list:1 and /etc/apt/sources.list.d/docker.list:1
W: Target DEP-11 (stable/dep11/Components-amd64.yml) is configured multiple times in /etc/apt/sources.list.d/archive_uri-https_download_docker_com_linux_ubuntu-noble.list:1 and /etc/apt/sources.list.d/docker.list:1
W: Target DEP-11 (stable/dep11/Components-all.yml) is configured multiple times in /etc/apt/sources.list.d/archive_uri-https_download_docker_com_linux_ubuntu-noble.list:1 and /etc/apt/sources.list.d/docker.list:1
W: Target DEP-11-icons-small (stable/dep11/icons-48x48.tar) is configured multiple times in /etc/apt/sources.list.d/archive_uri-https_download_docker_com_linux_ubuntu-noble.list:1 and /etc/apt/sources.list.d/docker.list:1
W: Target DEP-11-icons (stable/dep11/icons-64x64.tar) is configured multiple times in /etc/apt/sources.list.d/archive_uri-https_download_docker_com_linux_ubuntu-noble.list:1 and /etc/apt/sources.list.d/docker.list:1
W: Target DEP-11-icons-hidpi (stable/dep11/icons-64x64@2.tar) is configured multiple times in /etc/apt/sources.list.d/archive_uri-https_download_docker_com_linux_ubuntu-noble.list:1 and /etc/apt/sources.list.d/docker.list:1
W: Target CNF (stable/cnf/Commands-amd64) is configured multiple times in /etc/apt/sources.list.d/archive_uri-https_download_docker_com_linux_ubuntu-noble.list:1 and /etc/apt/sources.list.d/docker.list:1
W: Target CNF (stable/cnf/Commands-all) is configured multiple times in /etc/apt/sources.list.d/archive_uri-https_download_docker_com_linux_ubuntu-noble.list:1 and /etc/apt/sources.list.d/docker.list:1
W: Target Packages (stable/binary-amd64/Packages) is configured multiple times in /etc/apt/sources.list.d/archive_uri-https_download_docker_com_linux_ubuntu-noble.list:3 and /etc/apt/sources.list.d/docker.list:2
W: Target Packages (stable/binary-all/Packages) is configured multiple times in /etc/apt/sources.list.d/archive_uri-https_download_docker_com_linux_ubuntu-noble.list:3 and /etc/apt/sources.list.d/docker.list:2
W: Target Translations (stable/i18n/Translation-en_US) is configured multiple times in /etc/apt/sources.list.d/archive_uri-https_download_docker_com_linux_ubuntu-noble.list:3 and /etc/apt/sources.list.d/docker.list:2
W: Target Translations (stable/i18n/Translation-en) is configured multiple times in /etc/apt/sources.list.d/archive_uri-https_download_docker_com_linux_ubuntu-noble.list:3 and /etc/apt/sources.list.d/docker.list:2
W: Target DEP-11 (stable/dep11/Components-amd64.yml) is configured multiple times in /etc/apt/sources.list.d/archive_uri-https_download_docker_com_linux_ubuntu-noble.list:3 and /etc/apt/sources.list.d/docker.list:2
W: Target DEP-11 (stable/dep11/Components-all.yml) is configured multiple times in /etc/apt/sources.list.d/archive_uri-https_download_docker_com_linux_ubuntu-noble.list:3 and /etc/apt/sources.list.d/docker.list:2
W: Target DEP-11-icons-small (stable/dep11/icons-48x48.tar) is configured multiple times in /etc/apt/sources.list.d/archive_uri-https_download_docker_com_linux_ubuntu-noble.list:3 and /etc/apt/sources.list.d/docker.list:2
W: Target DEP-11-icons (stable/dep11/icons-64x64.tar) is configured multiple times in /etc/apt/sources.list.d/archive_uri-https_download_docker_com_linux_ubuntu-noble.list:3 and /etc/apt/sources.list.d/docker.list:2
W: Target DEP-11-icons-hidpi (stable/dep11/icons-64x64@2.tar) is configured multiple times in /etc/apt/sources.list.d/archive_uri-https_download_docker_com_linux_ubuntu-noble.list:3 and /etc/apt/sources.list.d/docker.list:2
W: Target CNF (stable/cnf/Commands-amd64) is configured multiple times in /etc/apt/sources.list.d/archive_uri-https_download_docker_com_linux_ubuntu-noble.list:3 and /etc/apt/sources.list.d/docker.list:2
W: Target CNF (stable/cnf/Commands-all) is configured multiple times in /etc/apt/sources.list.d/archive_uri-https_download_docker_com_linux_ubuntu-noble.list:3 and /etc/apt/sources.list.d/docker.list:2
W: Target Packages (stable/binary-amd64/Packages) is configured multiple times in /etc/apt/sources.list.d/archive_uri-https_download_docker_com_linux_ubuntu-noble.list:3 and /etc/apt/sources.list.d/docker.list:3
W: Target Packages (stable/binary-all/Packages) is configured multiple times in /etc/apt/sources.list.d/archive_uri-https_download_docker_com_linux_ubuntu-noble.list:3 and /etc/apt/sources.list.d/docker.list:3
W: Target Translations (stable/i18n/Translation-en_US) is configured multiple times in /etc/apt/sources.list.d/archive_uri-https_download_docker_com_linux_ubuntu-noble.list:3 and /etc/apt/sources.list.d/docker.list:3
W: Target Translations (stable/i18n/Translation-en) is configured multiple times in /etc/apt/sources.list.d/archive_uri-https_download_docker_com_linux_ubuntu-noble.list:3 and /etc/apt/sources.list.d/docker.list:3
W: Target DEP-11 (stable/dep11/Components-amd64.yml) is configured multiple times in /etc/apt/sources.list.d/archive_uri-https_download_docker_com_linux_ubuntu-noble.list:3 and /etc/apt/sources.list.d/docker.list:3
W: Target DEP-11 (stable/dep11/Components-all.yml) is configured multiple times in /etc/apt/sources.list.d/archive_uri-https_download_docker_com_linux_ubuntu-noble.list:3 and /etc/apt/sources.list.d/docker.list:3
W: Target DEP-11-icons-small (stable/dep11/icons-48x48.tar) is configured multiple times in /etc/apt/sources.list.d/archive_uri-https_download_docker_com_linux_ubuntu-noble.list:3 and /etc/apt/sources.list.d/docker.list:3
W: Target DEP-11-icons (stable/dep11/icons-64x64.tar) is configured multiple times in /etc/apt/sources.list.d/archive_uri-https_download_docker_com_linux_ubuntu-noble.list:3 and /etc/apt/sources.list.d/docker.list:3
W: Target DEP-11-icons-hidpi (stable/dep11/icons-64x64@2.tar) is configured multiple times in /etc/apt/sources.list.d/archive_uri-https_download_docker_com_linux_ubuntu-noble.list:3 and /etc/apt/sources.list.d/docker.list:3
W: Target CNF (stable/cnf/Commands-amd64) is configured multiple times in /etc/apt/sources.list.d/archive_uri-https_download_docker_com_linux_ubuntu-noble.list:3 and /etc/apt/sources.list.d/docker.list:3
W: Target CNF (stable/cnf/Commands-all) is configured multiple times in /etc/apt/sources.list.d/archive_uri-https_download_docker_com_linux_ubuntu-noble.list:3 and /etc/apt/sources.list.d/docker.list:3
2025-09-17 20:39:33 [INFO] Installing packages: curl git htop

WARNING: apt does not have a stable CLI interface. Use with caution in scripts.

Reading package lists...
Building dependency tree...
Reading state information...
curl is already the newest version (8.5.0-2ubuntu10.6).
git is already the newest version (1:2.43.0-1ubuntu7.3).
htop is already the newest version (3.3.0-4build1).
The following packages were automatically installed and are no longer required:
  libgl1-amber-dri libglapi-mesa libllvm17t64 python3-netifaces
Use 'sudo apt autoremove' to remove them.
0 upgraded, 0 newly installed, 0 to remove and 15 not upgraded.
2025-09-17 20:39:34 [[32mSUCCESS[0m] All requested packages installed successfully.
